================================================================================
TEST SUITE RATIONALIZATION - VALIDATION SUMMARY
================================================================================

OVERALL VALIDATION STATUS: âŒ FAILED
Total Execution Time: 352.7 seconds

VALIDATION COMPONENT RESULTS
--------------------------------------------------
âŒ FAILED Coverage & Performance Validation (129.3s)
    Error: Unknown error
    Report: validation_test/coverage_performance_report.txt
âœ… PASSED Coverage Regression Monitoring (196.4s)
    Report: validation_test/coverage_regression_report.txt
âœ… PASSED Performance Benchmarking (352.7s)
    Report: validation_test/performance_benchmark_report.txt

REQUIREMENTS COMPLIANCE
--------------------------------------------------
âŒ 4.1 - Coverage Maintenance (â‰¥90%)
âœ… 4.2 - Coverage Gap Identification
âŒ 4.4 - Category Coverage Reporting
âœ… 3.1 - Performance Improvement (30%)

GENERATED REPORTS
--------------------------------------------------
ğŸ“„ validation_test/coverage_performance_report.txt
ğŸ“„ validation_test/coverage_regression_report.txt
ğŸ“„ validation_test/performance_benchmark_report.txt

ADDITIONAL ARTIFACTS
--------------------------------------------------
ğŸ“„ coverage.json
ğŸ“„ htmlcov/index.html
ğŸ“„ .coverage_history.json
ğŸ“„ .validation_history.json

RECOMMENDED NEXT STEPS
--------------------------------------------------
â— Review coverage gaps and performance bottlenecks
   - Check individual test category coverage
   - Identify slow-running tests for optimization

================================================================================